2023-01-02 18:25:32 error: uncaughtException: Cannot read properties of undefined (reading 'listen')
TypeError: Cannot read properties of undefined (reading 'listen')
    at App.listen (C:\Users\Mrbarnk\Documents\Projects\typescript\Morizon-Backend\src\app.ts:53:8)
    at Object.<anonymous> (C:\Users\Mrbarnk\Documents\Projects\typescript\Morizon-Backend\src\server.ts:9:5)
    at Module._compile (node:internal/modules/cjs/loader:1103:14)
    at Module.m._compile (C:\Users\Mrbarnk\Documents\Projects\typescript\Morizon-Backend\node_modules\ts-node\src\index.ts:1618:23)
    at Module._extensions..js (node:internal/modules/cjs/loader:1157:10)
    at Object.require.extensions.<computed> [as .ts] (C:\Users\Mrbarnk\Documents\Projects\typescript\Morizon-Backend\node_modules\ts-node\src\index.ts:1621:12)
    at Module.load (node:internal/modules/cjs/loader:981:32)
    at Function.Module._load (node:internal/modules/cjs/loader:822:12)
    at Function.executeUserEntryPoint [as runMain] (node:internal/modules/run_main:77:12)
    at phase4 (C:\Users\Mrbarnk\Documents\Projects\typescript\Morizon-Backend\node_modules\ts-node\src\bin.ts:649:14)
2023-01-02 18:29:17 error: uncaughtException: Cannot read properties of undefined (reading 'listen')
TypeError: Cannot read properties of undefined (reading 'listen')
    at App.listen (C:\Users\Mrbarnk\Documents\Projects\typescript\Morizon-Backend\src\app.ts:53:8)
    at Object.<anonymous> (C:\Users\Mrbarnk\Documents\Projects\typescript\Morizon-Backend\src\server.ts:9:5)
    at Module._compile (node:internal/modules/cjs/loader:1103:14)
    at Module.m._compile (C:\Users\Mrbarnk\Documents\Projects\typescript\Morizon-Backend\node_modules\ts-node\src\index.ts:1618:23)
    at Module._extensions..js (node:internal/modules/cjs/loader:1157:10)
    at Object.require.extensions.<computed> [as .ts] (C:\Users\Mrbarnk\Documents\Projects\typescript\Morizon-Backend\node_modules\ts-node\src\index.ts:1621:12)
    at Module.load (node:internal/modules/cjs/loader:981:32)
    at Function.Module._load (node:internal/modules/cjs/loader:822:12)
    at Function.executeUserEntryPoint [as runMain] (node:internal/modules/run_main:77:12)
    at phase4 (C:\Users\Mrbarnk\Documents\Projects\typescript\Morizon-Backend\node_modules\ts-node\src\bin.ts:649:14)
2023-01-02 18:29:20 error: uncaughtException: Cannot read properties of undefined (reading 'listen')
TypeError: Cannot read properties of undefined (reading 'listen')
    at App.listen (C:\Users\Mrbarnk\Documents\Projects\typescript\Morizon-Backend\src\app.ts:53:8)
    at Object.<anonymous> (C:\Users\Mrbarnk\Documents\Projects\typescript\Morizon-Backend\src\server.ts:9:5)
    at Module._compile (node:internal/modules/cjs/loader:1103:14)
    at Module.m._compile (C:\Users\Mrbarnk\Documents\Projects\typescript\Morizon-Backend\node_modules\ts-node\src\index.ts:1618:23)
    at Module._extensions..js (node:internal/modules/cjs/loader:1157:10)
    at Object.require.extensions.<computed> [as .ts] (C:\Users\Mrbarnk\Documents\Projects\typescript\Morizon-Backend\node_modules\ts-node\src\index.ts:1621:12)
    at Module.load (node:internal/modules/cjs/loader:981:32)
    at Function.Module._load (node:internal/modules/cjs/loader:822:12)
    at Function.executeUserEntryPoint [as runMain] (node:internal/modules/run_main:77:12)
    at phase4 (C:\Users\Mrbarnk\Documents\Projects\typescript\Morizon-Backend\node_modules\ts-node\src\bin.ts:649:14)
